20240426-06:04:30	322b5e93-2854-4b98-9aa6-ca3fa2f54f47	GET	/	undefined
20240426-06:04:30	e2c4bae7-d765-4568-8fee-f83d78747747	GET	/css/style.css	undefined
20240426-06:04:30	7870678a-64fc-4585-989a-42daad13fd50	GET	/images/me.png	undefined
20240426-06:04:45	19291d85-c0f6-40af-a507-6581ec067530	GET	/	undefined
20241326-07:13:40	45256797-321a-409c-8c1c-b0f280c41e6d	GET	/	undefined
20241326-07:13:40	93812c60-e627-4966-97e0-8a073fa3ab8a	GET	/css/style.css	undefined
20241326-07:13:40	46886740-0e41-429a-a096-0a2b20e03254	GET	/images/me.png	undefined
20241526-07:15:02	3e574d06-3c14-43b0-8f9c-08dd1de56896	POST	/v1/auth/signup	undefined
20241526-07:15:36	e05bccde-d123-47b7-a7ac-977da84a81f7	POST	/v1/auth/signup	undefined
20241526-07:15:38	ddd0f4b1-c94c-4602-a1ae-711fd510f34f	POST	/v1/auth/signup	undefined
20241626-07:16:37	76c9044f-0c35-40d7-b1a1-db80135e46cb	POST	/v1/auth/signup	undefined
20241726-07:17:05	6c60071e-780e-4321-88e9-e33ec55a2924	POST	/v1/auth/signin	undefined
20241726-07:17:44	2f6dff7f-7fe8-4926-8457-d5b9909022dc	GET	/v1/auth/signtoken	undefined
20241826-07:18:05	d3c8a3c3-3f53-493c-bb99-8ea10f5f470d	DELETE	/v1/auth/signout	undefined
20241826-07:18:43	89a800fa-8f3d-4a3f-9664-66362cd34b1e	GET	/v1/user	undefined
20242026-07:20:17	ba0cd942-308f-49c5-859b-394c156138fd	GET	/v1/user	undefined
20242126-07:21:12	14a23991-abc0-4c93-b60d-11079ab29693	GET	/v1/user	undefined
20242126-07:21:24	d67b32a8-74fb-42f2-a630-9911370a0b58	GET	/v1/user	undefined
20242326-07:23:39	f97280a9-062f-4337-ac47-68029de3fb79	GET	/v1/user	undefined
20242326-07:23:57	bed8d057-b009-4cd5-b1f7-ccec265ae591	GET	/v1/user/1	undefined
20242526-07:25:11	e19d6830-2e14-4992-841c-ce4488cf5274	GET	/v1/user/1	undefined
20242526-07:25:22	78284d59-8092-4e31-bfae-e23a5689df53	GET	/v1/user/1	undefined
20242726-07:27:35	906e659b-aec1-4799-88cc-53bf85227c80	POST	/v1/user	undefined
20242826-07:28:02	3546c679-02e9-480a-ba30-71c1431a6ea7	GET	/v1/user/65dbdaf715aa798b4c5d103a	undefined
20242826-07:28:09	7c67c4fd-8437-4348-a630-7ada164a794b	GET	/v1/user/65dbdaf715aa798b4c5d103b	undefined
20242826-07:28:13	9e0047b9-69f3-465e-a523-0f0f030d7e3d	GET	/v1/user/65dbdaf715aa798b4c5d103a	undefined
20242826-07:28:27	1974c857-042c-47cb-aa06-e5f91a1120ed	POST	/v1/user	undefined
20242826-07:28:38	c9da50b3-6aaf-42b3-abf4-6483b138880e	POST	/v1/user	undefined
20242826-07:28:53	e43bdfca-738b-42a5-895a-9323c8c355c7	POST	/v1/user	undefined
20242926-07:29:44	fbe4fe0a-e034-4727-a054-235c170f7cb4	PATCH	/v1/user/65dbdaf715aa798b4c5d103a	undefined
20242926-07:29:51	4b44c3ec-ba4d-4f4e-a8eb-26f5ec38536f	PATCH	/v1/user/65dbdaf715aa798b4c5d103a	undefined
20243026-07:30:33	515ce200-ae8e-4018-a9c0-0b430dd97122	DELETE	/v1/user/65dbdaf715aa798b4c5d103b	undefined
20243026-07:30:40	89610952-549b-403b-9851-5e26d93b881a	DELETE	/v1/user/65dbdaf715aa798b4c5d103a	undefined
20243026-07:30:46	8cc8c2fa-350a-4b9a-a8a4-9d17d15051a4	GET	/v1/user	undefined
20240326-08:03:46	c7082d3b-ec6d-4629-bcd7-4a351333350b	GET	/v1/product	undefined
20240426-08:04:13	800f1704-d62b-487c-a3bd-8dd6bf6fbbd8	GET	/v1/product	undefined
20240426-08:04:31	a3a1e670-cba7-4937-8e77-fcb4bc82f8c4	GET	/v1/product/i	undefined
20240526-08:05:35	0c1ba5ee-da10-451c-b7a1-00d4f17535e6	POST	/v1/product	undefined
20240526-08:05:51	6623ed5b-222e-4c58-91a8-0722e100e9bc	PATCH	/v1/product/d	undefined
20240626-08:06:08	851e2a59-ac80-46ba-8f10-8183a98d6808	DELETE	/v1/product/i	undefined
20244126-08:41:40	b491bac3-0c21-4db2-b0da-27c43976e1f0	GET	/v1/product	undefined
20244126-08:41:46	f731181b-2e07-4b3f-9242-502ffdd4ee35	GET	/v1/product/i	undefined
20244126-08:41:56	8d9798ed-05bf-452a-ba73-5ee069710b25	POST	/v1/product	undefined
20244226-08:42:04	0f0e06ab-b5db-447f-8a49-f499dea0cb81	POST	/v1/product	undefined
20244426-08:44:45	e6de4eee-0bfd-4066-a36d-c0b03e63941b	GET	/v1/product	undefined
20244526-08:45:21	6ebf8675-0d93-4756-8c9b-349b83aa2fc6	GET	/v1/product	undefined
20244826-08:48:04	45c49b61-c25d-48a0-9e52-5cf3f450d511	GET	/v1/product	undefined
20245126-08:51:40	0344e92b-1aac-46c8-81b6-9e35ffaee1c4	GET	/v1/product	undefined
20245126-08:51:55	da7afdb4-52fa-4db6-87cc-d138a74c80a0	GET	/v1/product	undefined
20245526-08:55:29	711b8541-8869-4c30-b80c-8d02e4e865bb	POST	/v1/product	undefined
20245926-08:59:10	bf1bc901-b395-4025-9916-4ecb2d76d84b	GET	/v1/product	undefined
20245926-08:59:21	913ee4ad-a0dc-4f8c-b9ae-30a22b89b05d	POST	/v1/product	undefined
20240026-09:00:12	c6940d38-97f9-43b3-8260-fad67b8f668d	POST	/v1/product	undefined
20240326-09:03:51	be594023-6c86-4514-a704-8d4b3828f0ea	POST	/v1/product	undefined
20240426-09:04:33	a8130b78-8eff-4074-bdca-b5e4dd1b6733	POST	/v1/product	undefined
20240626-09:06:26	b5c9c4b7-40d6-43e5-a43a-b92db83f5ffb	GET	/	undefined
20240626-09:06:26	38b0e6e8-c34c-4ce3-91b7-d41e267fb2ea	GET	/css/style.css	undefined
20240626-09:06:26	83a2e49f-e601-4612-b762-c64ed892bc14	GET	/images/me.png	undefined
20240626-09:06:48	28d707e4-03e4-43f6-b01d-d8d98141db47	POST	/v1/product	undefined
20240626-09:06:53	e4c62454-5b60-46b1-a176-5b09a9e488c2	POST	/v1/product	undefined
20240726-09:07:09	e3e13732-0d9d-4705-aeab-434366b7c2ef	POST	/v1/product	undefined
20240826-09:08:03	6f413bcc-4eea-443e-8054-26e74aaf1293	POST	/v1/product	undefined
20240826-09:08:14	6a53a62b-f5f4-45e7-abae-8aebba1ea3ea	POST	/v1/product	undefined
20241526-09:15:35	ce1f7ed0-84cc-4a26-85f2-610a43af9e22	GET	/v1/product	undefined
20241626-09:16:01	9ea0e777-3d37-4162-befd-7f35e3591f3a	PATCH	/v1/product/65dbf24dcdd4987c87c4abe9	undefined
20241726-09:17:16	17b16ef3-9b6d-4979-8da2-375230dac293	PATCH	/v1/product/65dbf24dcdd4987c87c4abe9	undefined
20241726-09:17:43	54927e59-96c9-4e55-8cd5-9d901d54964a	PATCH	/v1/product/65dbf24dcdd4987c87c4abe9	undefined
20241826-09:18:47	9f628d58-28fa-4ea0-9a95-7c199f3c0690	GET	/v1/product	undefined
20241926-09:19:05	1ad1b743-ddce-47c2-9318-1cf4867e1b2d	PATCH	/v1/product/65dbf24dcdd4987c87c4abe9	undefined
20242526-09:25:52	99400c1a-4072-434f-91db-bcb63433bbcb	PATCH	/v1/product/65dbf24dcdd4987c87c4abe9	undefined
20242626-09:26:26	c1f96694-a135-4e40-b0aa-f7a21a94888e	PATCH	/v1/product/65dbf24dcdd4987c87c4abe9	undefined
20242626-09:26:44	70631bf5-75a7-4412-acfc-b7f40986271a	PATCH	/v1/product/65dbf24dcdd4987c87c4abe9	undefined
20242726-09:27:04	5bf4febc-da47-41a6-8e91-8913b1863bf9	PATCH	/v1/product/65dbf24dcdd4987c87c4abe9	undefined
20242926-09:29:11	74cd1618-ffea-4a38-81d1-2f24285cf08e	PATCH	/v1/product/65dbf24dcdd4987c87c4abe9	undefined
20242926-09:29:45	a6ff797a-754e-44b2-a67a-e19d25856a71	PATCH	/v1/product/65dbf24dcdd4987c87c4abe9	undefined
20243026-09:30:53	fa50eb03-dd65-466e-9628-227ceadb629f	PATCH	/v1/product/65dbf24dcdd4987c87c4abe9	undefined
20243126-09:31:17	2f08dc31-e417-44c0-8ecc-4c064ceb2bab	PATCH	/v1/product/65dbf24dcdd4987c87c4abe9	undefined
20243226-09:32:55	1a7d7ac7-1ebc-4483-a24e-69f57c2c7e9a	PATCH	/v1/product/65dbf24dcdd4987c87c4abe9	undefined
20243326-09:33:23	54d5d6b7-9cc3-4cdb-b4de-1aeb9e1be23d	PATCH	/v1/product/65dbf24dcdd4987c87c4abe9	undefined
20243326-09:33:49	a62d74d7-3b30-49ba-bc5b-0198f6a68328	PATCH	/v1/product/65dbf24dcdd4987c87c4abe9	undefined
20243426-09:34:30	4d9caae7-b4bd-4673-93c9-6a8aa4a4eefa	GET	/v1/product	undefined
20243426-09:34:45	09f0c834-c9da-4718-9e89-a8a62db53536	PATCH	/v1/product/65dbf24dcdd4987c87c4abe9	undefined
20243426-09:34:55	95ef22a9-a5c2-4dff-a026-24d4cde5ffe4	PATCH	/v1/product/65dbf24dcdd4987c87c4abe9	undefined
20243526-09:35:28	7d5cd36a-652c-4fe4-bcf1-8efee7bf2bcc	PATCH	/v1/product/65dbf24dcdd4987c87c4abe9	undefined
20243526-09:35:48	bb6affd8-cd70-4a18-a3c0-f69d221e1ae6	PATCH	/v1/product/65dbf24dcdd4987c87c4abe9	undefined
20243526-09:35:59	745397f7-576b-452d-a701-2d4f2e85d95f	PATCH	/v1/product/65dbf24dcdd4987c87c4abe9	undefined
20243626-09:36:36	76f98655-a290-42ca-b64e-b5f316b14281	PATCH	/v1/product/65dbf24dcdd4987c87c4abe9	undefined
20243726-09:37:29	06a49d76-3866-4c1c-abd8-cf2a811f16e0	PATCH	/v1/product/65dbf24dcdd4987c87c4abe9	undefined
20243726-09:37:49	ba730c28-15f2-43dc-ba43-a7f670bcc20b	PATCH	/v1/product/65dbf24dcdd4987c87c4abe9	undefined
20243826-09:38:59	52ede0d3-b90b-48aa-b00f-325b26bddce3	PATCH	/v1/product/65dbf24dcdd4987c87c4abe9	undefined
20243926-09:39:13	d42a3f31-6c79-4a6d-8447-7e658755a376	PATCH	/v1/product/65dbf24dcdd4987c87c4abe9	undefined
20243926-09:39:48	30d36e15-d401-43cb-bde1-7690ce57521f	PATCH	/v1/product/65dbf24dcdd4987c87c4abe9	undefined
20244026-09:40:46	b7003d1d-3971-4432-ba09-f5b3723073db	PATCH	/v1/product/65dbf24dcdd4987c87c4abe9	undefined
20244126-09:41:21	54f5d4fa-2c32-469a-83f4-05ca4a7bc4da	PATCH	/v1/product/65dbf24dcdd4987c87c4abe9	undefined
20244126-09:41:24	3e1be249-4baa-4858-b2b6-a11db07f7479	PATCH	/v1/product/65dbf24dcdd4987c87c4abe9	undefined
20244226-09:42:14	aba67b67-35fa-4223-99cc-2c2d2a5421ba	PATCH	/v1/product/65dbf24dcdd4987c87c4abe9	undefined
20244326-09:43:18	691decf4-3c6e-46bf-ac0e-3ef99e5caf05	PATCH	/v1/product/65dbf24dcdd4987c87c4abe9	undefined
20244326-09:43:26	5c44403f-4803-4000-82c2-78b9f877d637	PATCH	/v1/product/65dbf24dcdd4987c87c4abe9	undefined
20244326-09:43:46	f1a3a35a-136f-454a-b42c-0aaae63476aa	PATCH	/v1/product/65dbf24dcdd4987c87c4abe9	undefined
20244326-09:43:52	2840f923-4479-41bf-bf9c-0cf4b02edc87	PATCH	/v1/product/65dbf24dcdd4987c87c4abe9	undefined
20244426-09:44:29	9f816d4e-ec41-4542-8baf-e9b1fe0b3724	PATCH	/v1/product/65dbf24dcdd4987c87c4abe9	undefined
20244626-09:46:04	b945ac5e-9c7a-46ae-a776-acd1cafbd074	PATCH	/v1/product/65dbf24dcdd4987c87c4abe9	undefined
20244626-09:46:05	5132ae1c-4d09-4d08-b183-6c2cf3b196df	PATCH	/v1/product/65dbf24dcdd4987c87c4abe9	undefined
20244626-09:46:39	e31b2879-d01e-4429-b19d-53bbea79860a	PATCH	/v1/product/65dbf24dcdd4987c87c4abe9	undefined
20244626-09:46:53	e8739f1e-e607-40bc-ab0e-9bc5ef6008cf	GET	/v1/product	undefined
20244726-09:47:04	65fca5bd-160c-4fa0-85c1-69a575356ae2	PATCH	/v1/product/65dbf24dcdd4987c87c4abe9	undefined
20244726-09:47:40	30c446e3-30a0-4ac0-b625-129f5a4dda4e	GET	/v1/product	undefined
20244926-09:49:13	b8966923-37b5-40c5-9d76-c22cd5f4ce14	PATCH	/v1/product/65dbf24dcdd4987c87c4abe9	undefined
20244926-09:49:17	c717b3c1-a98a-40f0-9940-3ad24a060d09	PATCH	/v1/product/65dbf24dcdd4987c87c4abe9	undefined
20244926-09:49:46	79e5834a-b175-41dc-ae37-f804f718b2b7	PATCH	/v1/product/65dbf24dcdd4987c87c4abe9	undefined
20244926-09:49:54	26dae442-50b2-45c3-8a3f-d586cf9dddd9	GET	/v1/product	undefined
20245326-09:53:42	0a6f3be0-0d21-467d-8409-0f61985cc7bb	PATCH	/v1/product/65dbf24dcdd4987c87c4abe9	undefined
20245326-09:53:56	5fbaada2-65c4-40e4-bae2-a727f38ff49c	PATCH	/v1/product/65dbf24dcdd4987c87c4abe9	undefined
20245426-09:54:51	c5a55cfc-6d7d-468a-8eb5-ce0850d9358c	PATCH	/v1/product/65dbf24dcdd4987c87c4abe9	undefined
20245526-09:55:05	f393db88-7487-4bee-811f-1ccb8bd01786	PATCH	/v1/product/65dbf24dcdd4987c87c4abe9	undefined
20245526-09:55:18	5f27b430-5689-477d-a223-e83ab72b33c1	PATCH	/v1/product/65dbf24dcdd4987c87c4abe9	undefined
20245626-09:56:14	8ad54363-1455-4453-b062-1ad4733e3329	PATCH	/v1/product/65dbf24dcdd4987c87c4abe9	undefined
20245626-09:56:34	44440b84-abff-4c35-953c-faec575ad1f2	PATCH	/v1/product/65dbf24dcdd4987c87c4abe9	undefined
20245626-09:56:44	ec7af768-6109-4b62-9576-db1d3010eb6f	PATCH	/v1/product/65dbf24dcdd4987c87c4abe9	undefined
20245626-09:56:53	fc787261-70bc-4fef-994d-00e91245e2cb	PATCH	/v1/product/65dbf24dcdd4987c87c4abe9	undefined
20245826-09:58:18	57692c45-b9a5-4052-a10d-44e159cd9e27	PATCH	/v1/product/65dbf24dcdd4987c87c4abe9	undefined
20240026-10:00:03	17e4abba-9d23-4626-9ed1-3ff3e1e316e6	PATCH	/v1/product/65dbf24dcdd4987c87c4abe9	undefined
20240026-10:00:20	f4b184f1-23b0-48b0-9c48-f879904d00ad	GET	/v1/product	undefined
20240026-10:00:55	076a0543-d699-4ad3-8eec-16259f736b09	PATCH	/v1/product/65dbf24dcdd4987c87c4abe9	undefined
20240126-10:01:01	2a834312-f295-44ba-8406-07316f82afc3	PATCH	/v1/product/65dbf24dcdd4987c87c4abe9	undefined
20240526-10:05:36	a04464f4-7be7-4aae-8627-63ea2c0c552b	PATCH	/v1/product/65dbf24dcdd4987c87c4abe8	undefined
20240526-10:05:43	e29015e8-99e8-473e-9f64-8d655b2f3f1a	PATCH	/v1/product/65dbf24dcdd4987c87c4abe9	undefined
20240626-10:06:14	fa4afb7e-df41-4cb4-ad6a-1b0ca5477cc2	GET	/v1/product	undefined
20240726-10:07:50	8801fc1c-131a-4fb7-97a5-fdb3076cfec9	GET	/v1/product	undefined
20240926-10:09:23	15ca5e56-f506-44c0-8b55-f27d36d38a4b	GET	/v1/product/65dbf28ecdd4987c87c4abed	undefined
20240926-10:09:31	9ff32894-6cf0-45d6-ad10-55a25fbd73d9	DELETE	/v1/product/65dbf28ecdd4987c87c4abed	undefined
20240926-10:09:52	614c9350-1360-4cb7-ae9b-ab239fbab3f5	DELETE	/v1/product/65dbf28ecdd4987c87c4abed	undefined
20241126-10:11:32	b2ec54d9-fbbc-4709-9d0e-b1d5802667c4	DELETE	/v1/product/65dbf28ecdd4987c87c4abed	undefined
20241126-10:11:41	93f3bbe3-5ed8-4e22-935e-7d8427b6ed92	GET	/v1/product	undefined
20241126-10:11:54	e4978568-61a3-4267-9d71-ee42dd6bfc2d	DELETE	/v1/product/65dbf24dcdd4987c87c4abe9	undefined
